Thu 09 Mar 2023 03:47:56 PM UTC: 
 tests:  0|7
total_score: 0/70
06b5c26
Thu 09 Mar 2023 03:55:36 PM UTC: 
 exercises.c | 4 ++++
 1 file changed, 4 insertions(+)
In file included from test.c:5:
exercises.c: In function ‘swap’:
exercises.c:18:3: error: invalid operands to binary * (have ‘int’ and ‘int *’)
   17 |   int numero = *a
      |                ~~
      |                |
      |                int
   18 |   *b = *a
      |   ^
exercises.c:19:3: error: invalid operands to binary * (have ‘int’ and ‘int *’)
   18 |   *b = *a
      |        ~~
      |        |
      |        int
   19 |   *a = numero
      |   ^
exercises.c:21:1: error: expected ‘,’ or ‘;’ before ‘}’ token
   21 | }
      | ^
test.c:251:5: error: ‘main’ is normally a non-static function [-Werror=main]
  251 | int main( int argc, char *argv[] ) {
      |     ^~~~
test.c:271:1: error: expected declaration or statement at end of input
  271 | }
      | ^
At top level:
test.c:251:5: error: ‘main’ defined but not used [-Werror=unused-function]
  251 | int main( int argc, char *argv[] ) {
      |     ^~~~
cc1: all warnings being treated as errors
Compilation failed
4e4d86f
Thu 09 Mar 2023 03:55:45 PM UTC: 
 exercises.c | 2 +-
 1 file changed, 1 insertion(+), 1 deletion(-)
In file included from test.c:5:
exercises.c: In function ‘swap’:
exercises.c:18:3: error: invalid operands to binary * (have ‘int’ and ‘int *’)
   17 |   int numero = *a
      |                ~~
      |                |
      |                int
   18 |   *b = *a
      |   ^
exercises.c:21:1: error: expected ‘,’ or ‘;’ before ‘}’ token
   21 | }
      | ^
test.c:251:5: error: ‘main’ is normally a non-static function [-Werror=main]
  251 | int main( int argc, char *argv[] ) {
      |     ^~~~
test.c:271:1: error: expected declaration or statement at end of input
  271 | }
      | ^
In file included from test.c:5:
exercises.c:17:7: error: unused variable ‘numero’ [-Werror=unused-variable]
   17 |   int numero = *a
      |       ^~~~~~
At top level:
test.c:251:5: error: ‘main’ defined but not used [-Werror=unused-function]
  251 | int main( int argc, char *argv[] ) {
      |     ^~~~
cc1: all warnings being treated as errors
Compilation failed
5e4f221
Thu 09 Mar 2023 03:56:16 PM UTC: 
 exercises.c | 4 ++--
 1 file changed, 2 insertions(+), 2 deletions(-)
In file included from test.c:5:
exercises.c: In function ‘swap’:
exercises.c:18:3: error: invalid operands to binary * (have ‘int’ and ‘int *’)
   17 |   int numero = *a
      |                ~~
      |                |
      |                int
   18 |   *a = *b
      |   ^
exercises.c:19:3: error: invalid operands to binary * (have ‘int’ and ‘int *’)
   18 |   *a = *b
      |        ~~
      |        |
      |        int
   19 |   *b = numero
      |   ^
exercises.c:21:1: error: expected ‘,’ or ‘;’ before ‘}’ token
   21 | }
      | ^
test.c:251:5: error: ‘main’ is normally a non-static function [-Werror=main]
  251 | int main( int argc, char *argv[] ) {
      |     ^~~~
test.c:271:1: error: expected declaration or statement at end of input
  271 | }
      | ^
At top level:
test.c:251:5: error: ‘main’ defined but not used [-Werror=unused-function]
  251 | int main( int argc, char *argv[] ) {
      |     ^~~~
cc1: all warnings being treated as errors
Compilation failed
184f733
Thu 09 Mar 2023 03:56:22 PM UTC: 
 exercises.c | 2 +-
 1 file changed, 1 insertion(+), 1 deletion(-)
In file included from test.c:5:
exercises.c: In function ‘swap’:
exercises.c:18:3: error: invalid operands to binary * (have ‘int’ and ‘int *’)
   17 |   int numero = *a
      |                ~~
      |                |
      |                int
   18 |   *a = *b
      |   ^
exercises.c:19:3: error: invalid operands to binary * (have ‘int’ and ‘int *’)
   18 |   *a = *b
      |        ~~
      |        |
      |        int
   19 |   *b = numero;
      |   ^
Compilation failed
01919d0
Thu 09 Mar 2023 03:56:37 PM UTC: 
 exercises.c | 4 ++--
 1 file changed, 2 insertions(+), 2 deletions(-)
 tests:  1|6
total_score: 10/70
c17c6ed
Fri 10 Mar 2023 05:48:56 PM UTC: 
 exercises.c | 17 +++++++++++++++++
 1 file changed, 17 insertions(+)
In file included from test.c:5:
exercises.c: In function ‘arrayMaxMin’:
exercises.c:35:15: error: format ‘%d’ expects argument of type ‘int *’, but argument 2 has type ‘int’ [-Werror=format=]
   35 |       scanf("%d",numero);
      |              ~^  ~~~~~~
      |               |  |
      |               |  int
      |               int *
exercises.c:36:15: error: format ‘%d’ expects argument of type ‘int *’, but argument 2 has type ‘int’ [-Werror=format=]
   36 |       scanf("%d",*a);
      |              ~^  ~~
      |               |  |
      |               |  int
      |               int *
exercises.c:39:18: error: request for member ‘max’ in something not a structure or union
   39 |         vector[k].max = numero;
      |                  ^
exercises.c:43:18: error: request for member ‘max’ in something not a structure or union
   43 |         vector[k].max = *a;
      |                  ^
exercises.c:31:7: error: variable ‘vector’ set but not used [-Werror=unused-but-set-variable]
   31 |   int vector[n];
      |       ^~~~~~
exercises.c:35:7: error: ignoring return value of ‘scanf’ declared with attribute ‘warn_unused_result’ [-Werror=unused-result]
   35 |       scanf("%d",numero);
      |       ^~~~~~~~~~~~~~~~~~
exercises.c:36:7: error: ignoring return value of ‘scanf’ declared with attribute ‘warn_unused_result’ [-Werror=unused-result]
   36 |       scanf("%d",*a);
      |       ^~~~~~~~~~~~~~
cc1: all warnings being treated as errors
Compilation failed
6a2eec4
Fri 10 Mar 2023 05:49:15 PM UTC: 
 exercises.c | 2 +-
 1 file changed, 1 insertion(+), 1 deletion(-)
In file included from test.c:5:
exercises.c: In function ‘arrayMaxMin’:
exercises.c:35:18: error: invalid type argument of unary ‘*’ (have ‘int’)
   35 |       scanf("%d",*numero);
      |                  ^~~~~~~
exercises.c:36:15: error: format ‘%d’ expects argument of type ‘int *’, but argument 2 has type ‘int’ [-Werror=format=]
   36 |       scanf("%d",*a);
      |              ~^  ~~
      |               |  |
      |               |  int
      |               int *
exercises.c:39:18: error: request for member ‘max’ in something not a structure or union
   39 |         vector[k].max = numero;
      |                  ^
exercises.c:43:18: error: request for member ‘max’ in something not a structure or union
   43 |         vector[k].max = *a;
      |                  ^
exercises.c:31:7: error: variable ‘vector’ set but not used [-Werror=unused-but-set-variable]
   31 |   int vector[n];
      |       ^~~~~~
exercises.c:36:7: error: ignoring return value of ‘scanf’ declared with attribute ‘warn_unused_result’ [-Werror=unused-result]
   36 |       scanf("%d",*a);
      |       ^~~~~~~~~~~~~~
cc1: all warnings being treated as errors
Compilation failed
be7ea84
Fri 10 Mar 2023 05:50:11 PM UTC: 
 exercises.c | 4 ++--
 1 file changed, 2 insertions(+), 2 deletions(-)
In file included from test.c:5:
exercises.c: In function ‘arrayMaxMin’:
exercises.c:35:15: error: format ‘%d’ expects argument of type ‘int *’, but argument 2 has type ‘int’ [-Werror=format=]
   35 |       scanf("%d",numero);
      |              ~^  ~~~~~~
      |               |  |
      |               |  int
      |               int *
exercises.c:39:18: error: request for member ‘max’ in something not a structure or union
   39 |         vector[k].max = numero;
      |                  ^
exercises.c:43:18: error: request for member ‘max’ in something not a structure or union
   43 |         vector[k].max = *a;
      |                  ^
exercises.c:31:7: error: variable ‘vector’ set but not used [-Werror=unused-but-set-variable]
   31 |   int vector[n];
      |       ^~~~~~
exercises.c:35:7: error: ignoring return value of ‘scanf’ declared with attribute ‘warn_unused_result’ [-Werror=unused-result]
   35 |       scanf("%d",numero);
      |       ^~~~~~~~~~~~~~~~~~
exercises.c:36:7: error: ignoring return value of ‘scanf’ declared with attribute ‘warn_unused_result’ [-Werror=unused-result]
   36 |       scanf("%d",a);
      |       ^~~~~~~~~~~~~
cc1: all warnings being treated as errors
Compilation failed
a5a3685
Fri 10 Mar 2023 06:10:43 PM UTC: 
 exercises.c | 24 +++++++++---------------
 1 file changed, 9 insertions(+), 15 deletions(-)
In file included from test.c:5:
exercises.c: In function ‘arrayMaxMin’:
exercises.c:30:12: error: ‘vector’ undeclared (first use in this function)
   30 |     *max = vector[0];
      |            ^~~~~~
exercises.c:30:12: note: each undeclared identifier is reported only once for each function it appears in
Compilation failed
730e6f2
Fri 10 Mar 2023 06:10:55 PM UTC: 
 exercises.c | 4 ++--
 1 file changed, 2 insertions(+), 2 deletions(-)
 tests:  2|5
total_score: 20/70
c9e7648
Tue 14 Mar 2023 11:07:19 PM UTC: 
 exercises.c | 3 +++
 1 file changed, 3 insertions(+)
In file included from test.c:5:
exercises.c: In function ‘crearPersona’:
exercises.c:62:11: error: format ‘%c’ expects argument of type ‘char *’, but argument 2 has type ‘int’ [-Werror=format=]
   62 |   scanf("%c", (*p).nombre[30]);
      |          ~^   ~~~~~~~~~~~~~~~
      |           |              |
      |           char *         int
exercises.c:63:11: error: format ‘%c’ expects argument of type ‘char *’, but argument 2 has type ‘int’ [-Werror=format=]
   63 |   scanf("%c", (*p).rut[11]);
      |          ~^   ~~~~~~~~~~~~
      |           |           |
      |           char *      int
exercises.c:64:11: error: format ‘%d’ expects argument of type ‘int *’, but argument 2 has type ‘int’ [-Werror=format=]
   64 |   scanf("%d", (*p).edad);
      |          ~^   ~~~~~~~~~
      |           |       |
      |           int *   int
exercises.c:62:3: error: ignoring return value of ‘scanf’ declared with attribute ‘warn_unused_result’ [-Werror=unused-result]
   62 |   scanf("%c", (*p).nombre[30]);
      |   ^~~~~~~~~~~~~~~~~~~~~~~~~~~~
exercises.c:63:3: error: ignoring return value of ‘scanf’ declared with attribute ‘warn_unused_result’ [-Werror=unused-result]
   63 |   scanf("%c", (*p).rut[11]);
      |   ^~~~~~~~~~~~~~~~~~~~~~~~~
exercises.c:64:3: error: ignoring return value of ‘scanf’ declared with attribute ‘warn_unused_result’ [-Werror=unused-result]
   64 |   scanf("%d", (*p).edad);
      |   ^~~~~~~~~~~~~~~~~~~~~~
exercises.c:62:26: error: array subscript 30 is above array bounds of ‘char[30]’ [-Werror=array-bounds]
   62 |   scanf("%c", (*p).nombre[30]);
      |               ~~~~~~~~~~~^~~~
exercises.c:53:8: note: while referencing ‘nombre’
   53 |   char nombre[30];
      |        ^~~~~~
exercises.c:63:23: error: array subscript 11 is above array bounds of ‘char[11]’ [-Werror=array-bounds]
   63 |   scanf("%c", (*p).rut[11]);
      |               ~~~~~~~~^~~~
exercises.c:54:8: note: while referencing ‘rut’
   54 |   char rut[11];
      |        ^~~
cc1: all warnings being treated as errors
Compilation failed
6449ec5
Tue 14 Mar 2023 11:07:59 PM UTC: 
 exercises.c | 6 +++---
 1 file changed, 3 insertions(+), 3 deletions(-)
In file included from test.c:5:
exercises.c: In function ‘crearPersona’:
exercises.c:62:3: error: ignoring return value of ‘scanf’ declared with attribute ‘warn_unused_result’ [-Werror=unused-result]
   62 |   scanf("%c", &(*p).nombre[30]);
      |   ^~~~~~~~~~~~~~~~~~~~~~~~~~~~~
exercises.c:63:3: error: ignoring return value of ‘scanf’ declared with attribute ‘warn_unused_result’ [-Werror=unused-result]
   63 |   scanf("%c", &(*p).rut[11]);
      |   ^~~~~~~~~~~~~~~~~~~~~~~~~~
exercises.c:64:3: error: ignoring return value of ‘scanf’ declared with attribute ‘warn_unused_result’ [-Werror=unused-result]
   64 |   scanf("%d", &(*p).edad);
      |   ^~~~~~~~~~~~~~~~~~~~~~~
cc1: all warnings being treated as errors
Compilation failed
720a9a3
Tue 14 Mar 2023 11:09:20 PM UTC: 
 exercises.c | 4 ++--
 1 file changed, 2 insertions(+), 2 deletions(-)
In file included from test.c:5:
exercises.c: In function ‘crearPersona’:
exercises.c:62:28: error: expected expression before ‘]’ token
   62 |   scanf("%c", &(*p).nombre[]);
      |                            ^
exercises.c:63:25: error: expected expression before ‘]’ token
   63 |   scanf("%c", &(*p).rut[]);
      |                         ^
exercises.c:64:3: error: ignoring return value of ‘scanf’ declared with attribute ‘warn_unused_result’ [-Werror=unused-result]
   64 |   scanf("%d", &(*p).edad);
      |   ^~~~~~~~~~~~~~~~~~~~~~~
cc1: all warnings being treated as errors
Compilation failed
2758742
Tue 14 Mar 2023 11:09:47 PM UTC: 
 exercises.c | 2 +-
 1 file changed, 1 insertion(+), 1 deletion(-)
In file included from test.c:5:
exercises.c: In function ‘crearPersona’:
exercises.c:62:28: error: expected expression before ‘]’ token
   62 |   scanf("%c", &(*p).nombre[])
      |                            ^
exercises.c:64:3: error: ignoring return value of ‘scanf’ declared with attribute ‘warn_unused_result’ [-Werror=unused-result]
   64 |   scanf("%d", &(*p).edad);
      |   ^~~~~~~~~~~~~~~~~~~~~~~
cc1: all warnings being treated as errors
Compilation failed
7b0fe6d
Tue 14 Mar 2023 11:10:14 PM UTC: 
 exercises.c | 4 ++--
 1 file changed, 2 insertions(+), 2 deletions(-)
In file included from test.c:5:
exercises.c: In function ‘crearPersona’:
exercises.c:62:11: error: format ‘%c’ expects argument of type ‘char *’, but argument 2 has type ‘char (*)[30]’ [-Werror=format=]
   62 |   scanf("%c", &(*p).nombre)
      |          ~^   ~~~~~~~~~~~~
      |           |   |
      |           |   char (*)[30]
      |           char *
exercises.c:62:28: error: expected ‘;’ before ‘scanf’
   62 |   scanf("%c", &(*p).nombre)
      |                            ^
      |                            ;
   63 |   scanf("%c", &(*p).rut);
      |   ~~~~~                     
exercises.c:62:3: error: ignoring return value of ‘scanf’ declared with attribute ‘warn_unused_result’ [-Werror=unused-result]
   62 |   scanf("%c", &(*p).nombre)
      |   ^~~~~~~~~~~~~~~~~~~~~~~~~
exercises.c:64:3: error: ignoring return value of ‘scanf’ declared with attribute ‘warn_unused_result’ [-Werror=unused-result]
   64 |   scanf("%d", &(*p).edad);
      |   ^~~~~~~~~~~~~~~~~~~~~~~
cc1: all warnings being treated as errors
Compilation failed
10fdb66
Tue 14 Mar 2023 11:10:27 PM UTC: 
 exercises.c | 2 +-
 1 file changed, 1 insertion(+), 1 deletion(-)
In file included from test.c:5:
exercises.c: In function ‘crearPersona’:
exercises.c:62:19: error: ‘p’ is a pointer; did you mean to use ‘->’?
   62 |   scanf("%c", &(p).nombre)
      |                   ^
      |                   ->
exercises.c:62:27: error: expected ‘;’ before ‘scanf’
   62 |   scanf("%c", &(p).nombre)
      |                           ^
      |                           ;
   63 |   scanf("%c", &(*p).rut);
      |   ~~~~~                    
exercises.c:64:3: error: ignoring return value of ‘scanf’ declared with attribute ‘warn_unused_result’ [-Werror=unused-result]
   64 |   scanf("%d", &(*p).edad);
      |   ^~~~~~~~~~~~~~~~~~~~~~~
cc1: all warnings being treated as errors
Compilation failed
f96dfdc
Tue 14 Mar 2023 11:11:12 PM UTC: 
 exercises.c | 6 +++---
 1 file changed, 3 insertions(+), 3 deletions(-)
In file included from test.c:5:
exercises.c: In function ‘crearPersona’:
exercises.c:62:17: error: ‘p’ is a pointer; did you mean to use ‘->’?
   62 |   scanf("%c", &p.nombre)
      |                 ^
      |                 ->
exercises.c:62:25: error: expected ‘;’ before ‘scanf’
   62 |   scanf("%c", &p.nombre)
      |                         ^
      |                         ;
   63 |   scanf("%c", &p.rut);
      |   ~~~~~                  
exercises.c:64:17: error: ‘p’ is a pointer; did you mean to use ‘->’?
   64 |   scanf("%d", &p.edad);
      |                 ^
      |                 ->
Compilation failed
d234c99
Tue 14 Mar 2023 11:16:30 PM UTC: 
 exercises.c | 12 +++++++++---
 1 file changed, 9 insertions(+), 3 deletions(-)
In file included from test.c:5:
exercises.c: In function ‘crearPersona’:
exercises.c:68:11: error: passing argument 1 of ‘strcpy’ makes pointer from integer without a cast [-Werror=int-conversion]
   68 |   strcpy(p->edad,edad);
      |          ~^~~~~~
      |           |
      |           int
In file included from /nix/store/iwd8ic5hhwdxn5dga0im55g5hjl270cd-glibc-2.33-47-dev/include/features.h:473,
                 from /nix/store/iwd8ic5hhwdxn5dga0im55g5hjl270cd-glibc-2.33-47-dev/include/bits/libc-header-start.h:33,
                 from /nix/store/iwd8ic5hhwdxn5dga0im55g5hjl270cd-glibc-2.33-47-dev/include/stdio.h:27,
                 from test.c:1:
/nix/store/iwd8ic5hhwdxn5dga0im55g5hjl270cd-glibc-2.33-47-dev/include/bits/string_fortified.h:77:1: note: expected ‘char * restrict’ but argument is of type ‘int’
   77 | __NTH (strcpy (char *__restrict __dest, const char *__restrict __src))
      | ^~~~~
In file included from test.c:5:
exercises.c:68:18: error: passing argument 2 of ‘strcpy’ makes pointer from integer without a cast [-Werror=int-conversion]
   68 |   strcpy(p->edad,edad);
      |                  ^~~~
      |                  |
      |                  int
In file included from /nix/store/iwd8ic5hhwdxn5dga0im55g5hjl270cd-glibc-2.33-47-dev/include/features.h:473,
                 from /nix/store/iwd8ic5hhwdxn5dga0im55g5hjl270cd-glibc-2.33-47-dev/include/bits/libc-header-start.h:33,
                 from /nix/store/iwd8ic5hhwdxn5dga0im55g5hjl270cd-glibc-2.33-47-dev/include/stdio.h:27,
                 from test.c:1:
/nix/store/iwd8ic5hhwdxn5dga0im55g5hjl270cd-glibc-2.33-47-dev/include/bits/string_fortified.h:77:1: note: expected ‘const char * restrict’ but argument is of type ‘int’
   77 | __NTH (strcpy (char *__restrict __dest, const char *__restrict __src))
      | ^~~~~
cc1: all warnings being treated as errors
Compilation failed
e82c060
Tue 14 Mar 2023 11:17:00 PM UTC: 
 exercises.c | 2 +-
 1 file changed, 1 insertion(+), 1 deletion(-)
In file included from test.c:5:
exercises.c: In function ‘crearPersona’:
exercises.c:68:17: error: expected ‘;’ before ‘return’
   68 |   p->edad = edad
      |                 ^
      |                 ;
......
   73 |    return p;
      |    ~~~~~~        
exercises.c:74:1: error: control reaches end of non-void function [-Werror=return-type]
   74 | }
      | ^
cc1: all warnings being treated as errors
Compilation failed
2fb56f4
Tue 14 Mar 2023 11:17:09 PM UTC: 
 exercises.c | 2 +-
 1 file changed, 1 insertion(+), 1 deletion(-)
 tests:  3|4
total_score: 30/70
a62c3a3
Tue 14 Mar 2023 11:17:22 PM UTC: 
 exercises.c | 2 +-
 1 file changed, 1 insertion(+), 1 deletion(-)
 tests:  2|5
total_score: 20/70
cfd768a
Tue 14 Mar 2023 11:17:33 PM UTC: 
 exercises.c | 2 +-
 1 file changed, 1 insertion(+), 1 deletion(-)
 tests:  3|4
total_score: 30/70
1d1a6dc
Tue 14 Mar 2023 11:38:31 PM UTC: 
 exercises.c | 10 ++++++++++
 1 file changed, 10 insertions(+)
In file included from test.c:5:
exercises.c: In function ‘asignarValor’:
exercises.c:110:1: error: expected identifier or ‘(’ before ‘}’ token
  110 | }
      | ^
test.c:251:5: error: ‘main’ is normally a non-static function [-Werror=main]
  251 | int main( int argc, char *argv[] ) {
      |     ^~~~
test.c:271:1: error: expected declaration or statement at end of input
  271 | }
      | ^
In file included from test.c:5:
exercises.c: In function ‘crearVector’:
exercises.c:99:1: error: control reaches end of non-void function [-Werror=return-type]
   99 | }
      | ^
At top level:
test.c:251:5: error: ‘main’ defined but not used [-Werror=unused-function]
  251 | int main( int argc, char *argv[] ) {
      |     ^~~~
cc1: all warnings being treated as errors
Compilation failed
257c27b
Tue 14 Mar 2023 11:38:47 PM UTC: 
 exercises.c | 2 +-
 1 file changed, 1 insertion(+), 1 deletion(-)
In file included from test.c:5:
exercises.c: In function ‘asignarValor’:
exercises.c:108:3: error: ‘V’ undeclared (first use in this function)
  108 |   V
      |   ^
exercises.c:108:3: note: each undeclared identifier is reported only once for each function it appears in
exercises.c:108:4: error: expected ‘;’ before ‘}’ token
  108 |   V
      |    ^
      |    ;
  109 | 
  110 | }
      | ~   
exercises.c: In function ‘crearVector’:
exercises.c:99:1: error: control reaches end of non-void function [-Werror=return-type]
   99 | }
      | ^
cc1: all warnings being treated as errors
Compilation failed
39832ff
Tue 14 Mar 2023 11:39:04 PM UTC: 
 exercises.c | 2 +-
 1 file changed, 1 insertion(+), 1 deletion(-)
In file included from test.c:5:
exercises.c: In function ‘crearVector’:
exercises.c:99:1: error: control reaches end of non-void function [-Werror=return-type]
   99 | }
      | ^
exercises.c:91:28: error: ‘v’ is used uninitialized in this function [-Werror=uninitialized]
   91 |    Vector * v = (Vector *) realloc(v,n * sizeof(Vector));
      |                            ^~~~~~~~~~~~~~~~~~~~~~~~~~~~~
cc1: all warnings being treated as errors
Compilation failed
ce97e23
Tue 14 Mar 2023 11:55:52 PM UTC: 
 exercises.c | 4 ++--
 1 file changed, 2 insertions(+), 2 deletions(-)
 tests:  3|4
total_score: 30/70
35be888
Tue 14 Mar 2023 11:59:48 PM UTC: 
 exercises.c | 2 +-
 1 file changed, 1 insertion(+), 1 deletion(-)
 tests:  3|4
total_score: 30/70
eb0b217
Wed 15 Mar 2023 01:40:30 PM UTC: 
 exercises.c | 3 ++-
 1 file changed, 2 insertions(+), 1 deletion(-)
In file included from test.c:5:
exercises.c: In function ‘crearVector’:
exercises.c:100:1: error: control reaches end of non-void function [-Werror=return-type]
  100 | }
      | ^
cc1: all warnings being treated as errors
Compilation failed
05a27b2
Wed 15 Mar 2023 01:40:55 PM UTC: 
 exercises.c | 2 +-
 1 file changed, 1 insertion(+), 1 deletion(-)
 tests:  3|4
total_score: 30/70
0074c36
Wed 15 Mar 2023 02:21:29 PM UTC: 
 exercises.c | 13 ++++++++++++-
 1 file changed, 12 insertions(+), 1 deletion(-)
In file included from test.c:5:
exercises.c: In function ‘crearVector’:
exercises.c:105:18: error: ‘datos’ undeclared (first use in this function)
  105 |   v->capacidad = datos;
      |                  ^~~~~
exercises.c:105:18: note: each undeclared identifier is reported only once for each function it appears in
Compilation failed
16f5d1e
Wed 15 Mar 2023 02:21:48 PM UTC: 
 exercises.c | 2 +-
 1 file changed, 1 insertion(+), 1 deletion(-)
 tests:  4|3
total_score: 40/70
20699e4
Wed 15 Mar 2023 03:30:43 PM UTC: 
 exercises.c | 14 +++++++++++++-
 1 file changed, 13 insertions(+), 1 deletion(-)
In file included from test.c:5:
exercises.c: In function ‘asignarValor’:
exercises.c:120:12: error: ‘v’ redeclared as different kind of symbol
  120 |   Vector * v = (Vector *) malloc(sizeof(Vector));
      |            ^
exercises.c:118:28: note: previous definition of ‘v’ was here
  118 | void asignarValor(Vector * v, int i, int valor) {
      |                   ~~~~~~~~~^
exercises.c:124:12: error: ‘return’ with a value, in function returning void [-Werror=return-type]
  124 |     return NULL;
      |            ^~~~
exercises.c:118:6: note: declared here
  118 | void asignarValor(Vector * v, int i, int valor) {
      |      ^~~~~~~~~~~~
exercises.c:126:21: error: ‘n’ undeclared (first use in this function)
  126 |   v = (int *)calloc(n,sizeof(int));
      |                     ^
exercises.c:126:21: note: each undeclared identifier is reported only once for each function it appears in
exercises.c:129:15: error: format ‘%d’ expects argument of type ‘int *’, but argument 2 has type ‘int’ [-Werror=format=]
  129 |       scanf("%d",valor);
      |              ~^  ~~~~~
      |               |  |
      |               |  int
      |               int *
exercises.c:130:14: error: incompatible types when assigning to type ‘Vector’ from type ‘int’
  130 |       v[k] = valor;
      |              ^~~~~
exercises.c:132:10: error: ‘return’ with a value, in function returning void [-Werror=return-type]
  132 |   return v;
      |          ^
exercises.c:118:6: note: declared here
  118 | void asignarValor(Vector * v, int i, int valor) {
      |      ^~~~~~~~~~~~
exercises.c:129:7: error: ignoring return value of ‘scanf’ declared with attribute ‘warn_unused_result’ [-Werror=unused-result]
  129 |       scanf("%d",valor);
      |       ^~~~~~~~~~~~~~~~~
cc1: all warnings being treated as errors
Compilation failed
a66cc0e
Wed 15 Mar 2023 03:34:59 PM UTC: 
 exercises.c | 17 +++++------------
 1 file changed, 5 insertions(+), 12 deletions(-)
In file included from test.c:5:
exercises.c: In function ‘asignarValor’:
exercises.c:119:18: error: expected ‘)’ before ‘i’
  119 |   if(v==NULL || i i < 0 || i > v->capacidad)
      |     ~            ^~
      |                  )
Compilation failed
2f3c9aa
Wed 15 Mar 2023 03:35:06 PM UTC: 
 exercises.c | 2 +-
 1 file changed, 1 insertion(+), 1 deletion(-)
 tests:  4|3
total_score: 40/70
7f55df3
Wed 15 Mar 2023 03:36:55 PM UTC: 
 exercises.c | 5 +++++
 1 file changed, 5 insertions(+)
In file included from test.c:5:
exercises.c: In function ‘obtenerValor’:
exercises.c:138:7: error: ‘return’ with no value, in function returning non-void [-Werror=return-type]
  138 |       return;
      |       ^~~~~~
exercises.c:134:5: note: declared here
  134 | int obtenerValor(Vector * v, int i) {
      |     ^~~~~~~~~~~~
cc1: all warnings being treated as errors
Compilation failed
f8055bf
Wed 15 Mar 2023 03:37:15 PM UTC: 
 exercises.c | 4 +++-
 1 file changed, 3 insertions(+), 1 deletion(-)
 tests:  4|3
total_score: 40/70
b20c0a7
Wed 15 Mar 2023 03:37:27 PM UTC: 
 exercises.c | 2 +-
 1 file changed, 1 insertion(+), 1 deletion(-)
In file included from test.c:5:
exercises.c: In function ‘obtenerValor’:
exercises.c:138:14: error: returning ‘void *’ from a function with return type ‘int’ makes integer from pointer without a cast [-Werror=int-conversion]
  138 |       return NULL;
      |              ^~~~
cc1: all warnings being treated as errors
Compilation failed
10be2b4
Wed 15 Mar 2023 03:38:42 PM UTC: 
 exercises.c | 5 +++--
 1 file changed, 3 insertions(+), 2 deletions(-)
In file included from test.c:5:
exercises.c: In function ‘obtenerValor’:
exercises.c:138:7: error: ‘return’ with no value, in function returning non-void [-Werror=return-type]
  138 |       return;
      |       ^~~~~~
exercises.c:134:5: note: declared here
  134 | int obtenerValor(Vector * v, int i) {
      |     ^~~~~~~~~~~~
cc1: all warnings being treated as errors
Compilation failed
26b9e43
Wed 15 Mar 2023 03:38:52 PM UTC: 
 exercises.c | 2 +-
 1 file changed, 1 insertion(+), 1 deletion(-)
 tests:  6|2
total_score: 50/70
a0e6bea
Wed 15 Mar 2023 03:42:54 PM UTC: 
 exercises.c | 7 +++----
 1 file changed, 3 insertions(+), 4 deletions(-)
 tests:  6|2
total_score: 50/70
e148b79
Fri 17 Mar 2023 02:22:38 AM UTC: 
 exercises.c | 6 ++++++
 1 file changed, 6 insertions(+)
 tests:  6|2
total_score: 50/70
d0cb282
Fri 17 Mar 2023 03:03:51 AM UTC: 
 exercises.c | 2 ++
 1 file changed, 2 insertions(+)
In file included from test.c:5:
exercises.c: In function ‘sumaV’:
exercises.c:157:12: error: ‘i’ undeclared (first use in this function)
  157 |   c->datos[i]=a->datos[i] + b->datos[i]
      |            ^
exercises.c:157:12: note: each undeclared identifier is reported only once for each function it appears in
exercises.c:157:40: error: expected ‘;’ before ‘}’ token
  157 |   c->datos[i]=a->datos[i] + b->datos[i]
      |                                        ^
      |                                        ;
......
  160 | }
      | ~                                       
Compilation failed
2fef616
Fri 17 Mar 2023 03:03:58 AM UTC: 
 exercises.c | 2 +-
 1 file changed, 1 insertion(+), 1 deletion(-)
In file included from test.c:5:
exercises.c: In function ‘sumaV’:
exercises.c:157:12: error: ‘i’ undeclared (first use in this function)
  157 |   c->datos[i]=a->datos[i] + b->datos[i];
      |            ^
exercises.c:157:12: note: each undeclared identifier is reported only once for each function it appears in
Compilation failed
895aedb
